=== BÁO CÁO CÁC TRẠM GẦN NHAU DƯỚI 500M (tram_thu_phi_complete.csv) ===

[CẢNH BÁO] Khoảng cách 193.3m (< 500m):
   - 1374419154 (Lat: 20.2886505537359, Lon: 106.01435906646418)
   - Cao Bồ (Lat: 20.288024500384388, Lon: 106.0126298)
   (Dòng thứ 75 và 76 trong file CSV)
--------------------------------------------------
[CẢNH BÁO] Khoảng cách 12.2m (< 500m):
   - 6856306593 (Lat: 16.050761800030326, Lon: 108.2051232)
   - Hòa Phước (Lat: 16.050652600030315, Lon: 108.20513789999998)
   (Dòng thứ 103 và 104 trong file CSV)
--------------------------------------------------
[CẢNH BÁO] Khoảng cách 36.2m (< 500m):
   - Lái Thiêu (Lat: 10.888731999490767, Lon: 106.7007135)
   - Trạm thu phí Vĩnh Phú (Lat: 10.88858199949076, Lon: 106.7010076)
   (Dòng thứ 178 và 179 trong file CSV)
--------------------------------------------------
[CẢNH BÁO] Khoảng cách 242.2m (< 500m):
   - Trạm thu phí Vĩnh Phú (Lat: 10.88858199949076, Lon: 106.7010076)
   - Vĩnh Phú (Lat: 10.88681552674493, Lon: 106.69970961752706)
   (Dòng thứ 179 và 180 trong file CSV)
--------------------------------------------------
[CẢNH BÁO] Khoảng cách 198.8m (< 500m):
   - 9315592461 (Lat: 10.825017999486391, Lon: 106.60176769999998)
   - Trạm Thu Phí An Sương - An Lạc (Lat: 10.824755999486376, Lon: 106.6035679)
   (Dòng thứ 188 và 189 trong file CSV)
--------------------------------------------------
[CẢNH BÁO] Khoảng cách 63.5m (< 500m):
   - 2209604823 (Lat: 10.695936199477798, Lon: 106.6153129)
   - 404729664 (Lat: 10.695385899477763, Lon: 106.6154699)
   (Dòng thứ 204 và 205 trong file CSV)
--------------------------------------------------